[2026-01-03 00:53:17,211] [INFO] Logging to file: /home/youssef/Desktop/swimming pools detection/swimming-pool-detection/logs/training/train_yolov11n_20260103_005317.log
[2026-01-03 00:53:17,211] [INFO] ============================================================
[2026-01-03 00:53:17,211] [INFO] Starting Training
[2026-01-03 00:53:17,211] [INFO] ============================================================
[2026-01-03 00:53:20,935] [INFO] Loading pretrained model: yolo11n.pt
[2026-01-03 00:53:21,003] [INFO] Model initialized successfully
[2026-01-03 00:53:21,003] [INFO] Training Configuration:
[2026-01-03 00:53:21,003] [INFO]   data: /home/youssef/Desktop/swimming pools detection/swimming-pool-detection/data/dataset.yaml
[2026-01-03 00:53:21,003] [INFO]   epochs: 100
[2026-01-03 00:53:21,003] [INFO]   batch: 4
[2026-01-03 00:53:21,003] [INFO]   imgsz: 512
[2026-01-03 00:53:21,003] [INFO]   workers: 4
[2026-01-03 00:53:21,003] [INFO]   optimizer: AdamW
[2026-01-03 00:53:21,003] [INFO]   lr0: 0.001
[2026-01-03 00:53:21,003] [INFO]   weight_decay: 0.0005
[2026-01-03 00:53:21,003] [INFO]   momentum: 0.937
[2026-01-03 00:53:21,003] [INFO]   warmup_epochs: 3
[2026-01-03 00:53:21,003] [INFO]   warmup_momentum: 0.8
[2026-01-03 00:53:21,003] [INFO]   warmup_bias_lr: 0.1
[2026-01-03 00:53:21,003] [INFO]   patience: 20
[2026-01-03 00:53:21,003] [INFO]   save_period: 10
[2026-01-03 00:53:21,004] [INFO]   save: True
[2026-01-03 00:53:21,004] [INFO]   device: 0
[2026-01-03 00:53:21,004] [INFO]   amp: False
[2026-01-03 00:53:21,004] [INFO]   project: /home/youssef/Desktop/swimming pools detection/swimming-pool-detection/logs/checkpoints
[2026-01-03 00:53:21,004] [INFO]   name: yolov11n_20260103_005317
[2026-01-03 00:53:21,004] [INFO]   exist_ok: True
[2026-01-03 00:53:21,004] [INFO]   verbose: True
[2026-01-03 00:53:21,004] [INFO]   plots: True
[2026-01-03 00:53:21,004] [INFO]   cos_lr: True
[2026-01-03 00:53:21,004] [INFO] Starting training loop...
