[2026-01-04 17:19:27,794] [INFO] Logging to file: /home/youssef/Desktop/swimming pools detection/swimming-pool-detection/logs/training/train_yolov11s_20260104_171927.log
[2026-01-04 17:19:27,794] [INFO] ============================================================
[2026-01-04 17:19:27,794] [INFO] Starting Training
[2026-01-04 17:19:27,794] [INFO] ============================================================
[2026-01-04 17:19:32,057] [INFO] Loading pretrained model: yolo11s.pt
[2026-01-04 17:20:57,477] [INFO] Model initialized successfully
[2026-01-04 17:20:57,477] [INFO] Training Configuration:
[2026-01-04 17:20:57,477] [INFO]   data: /home/youssef/Desktop/swimming pools detection/swimming-pool-detection/data/dataset.yaml
[2026-01-04 17:20:57,477] [INFO]   epochs: 200
[2026-01-04 17:20:57,477] [INFO]   batch: 2
[2026-01-04 17:20:57,477] [INFO]   imgsz: 512
[2026-01-04 17:20:57,477] [INFO]   workers: 4
[2026-01-04 17:20:57,477] [INFO]   optimizer: AdamW
[2026-01-04 17:20:57,477] [INFO]   lr0: 0.001
[2026-01-04 17:20:57,477] [INFO]   weight_decay: 0.0005
[2026-01-04 17:20:57,477] [INFO]   momentum: 0.937
[2026-01-04 17:20:57,477] [INFO]   warmup_epochs: 3
[2026-01-04 17:20:57,478] [INFO]   warmup_momentum: 0.8
[2026-01-04 17:20:57,478] [INFO]   warmup_bias_lr: 0.1
[2026-01-04 17:20:57,478] [INFO]   patience: 50
[2026-01-04 17:20:57,478] [INFO]   save_period: 10
[2026-01-04 17:20:57,478] [INFO]   save: True
[2026-01-04 17:20:57,478] [INFO]   device: 0
[2026-01-04 17:20:57,478] [INFO]   amp: False
[2026-01-04 17:20:57,478] [INFO]   project: /home/youssef/Desktop/swimming pools detection/swimming-pool-detection/logs/checkpoints
[2026-01-04 17:20:57,478] [INFO]   name: yolov11s_20260104_171927
[2026-01-04 17:20:57,478] [INFO]   exist_ok: True
[2026-01-04 17:20:57,478] [INFO]   verbose: True
[2026-01-04 17:20:57,478] [INFO]   plots: True
[2026-01-04 17:20:57,478] [INFO]   cos_lr: True
[2026-01-04 17:20:57,478] [INFO]   mixup: 0.1
[2026-01-04 17:20:57,478] [INFO]   copy_paste: 0.1
[2026-01-04 17:20:57,478] [INFO]   mosaic: 1.0
[2026-01-04 17:20:57,478] [INFO]   hsv_h: 0.015
[2026-01-04 17:20:57,478] [INFO]   hsv_s: 0.7
[2026-01-04 17:20:57,478] [INFO]   hsv_v: 0.4
[2026-01-04 17:20:57,478] [INFO]   degrees: 10.0
[2026-01-04 17:20:57,478] [INFO]   translate: 0.1
[2026-01-04 17:20:57,478] [INFO]   scale: 0.5
[2026-01-04 17:20:57,478] [INFO]   fliplr: 0.5
[2026-01-04 17:20:57,478] [INFO]   flipud: 0.1
[2026-01-04 17:20:57,478] [INFO] Starting training loop...
[2026-01-04 21:06:20,188] [INFO] ============================================================
[2026-01-04 21:06:20,189] [INFO] Training Complete
[2026-01-04 21:06:20,189] [INFO] ============================================================
[2026-01-04 21:06:20,189] [INFO] Training Results:
[2026-01-04 21:06:20,189] [INFO]   mAP50: 0.9772
[2026-01-04 21:06:20,189] [INFO]   mAP50-95: 0.5994
[2026-01-04 21:06:20,189] [INFO]   Precision: 0.9363
[2026-01-04 21:06:20,189] [INFO]   Recall: 0.9425
[2026-01-04 21:06:20,189] [INFO] Best model saved to: /home/youssef/Desktop/swimming pools detection/swimming-pool-detection/logs/checkpoints/yolov11s_20260104_171927/weights/best.pt
[2026-01-04 21:06:20,189] [INFO] Last model saved to: /home/youssef/Desktop/swimming pools detection/swimming-pool-detection/logs/checkpoints/yolov11s_20260104_171927/weights/last.pt
